<?xml version="1.0" encoding="UTF-8"?>
<!-- Generated by org.testng.reporters.JUnitReportReporter -->
<testsuite hostname="Ujwal" failures="0" tests="1" name="testscripts.Test3" time="5.724" errors="0" timestamp="2023-04-04T19:07:19 IST" skipped="0">
  <testcase classname="testscripts.Test3" name="test3" time="5.724"/>
  <system-out/>
</testsuite> <!-- testscripts.Test3 -->
