<?xml version="1.0" encoding="UTF-8"?>
<!-- Generated by org.testng.reporters.JUnitReportReporter -->
<testsuite hostname="Ujwal" failures="0" tests="1" name="testscripts.Test1" time="3.537" errors="0" timestamp="2023-04-04T17:44:21 IST" skipped="0">
  <testcase classname="testscripts.Test1" name="test1" time="3.537"/>
  <system-out/>
</testsuite> <!-- testscripts.Test1 -->
